<?xml version="1.0" encoding="UTF-8"?>
<!-- Generated by org.testng.reporters.JUnitReportReporter -->
<testsuite hostname="Shubham" failures="0" tests="1" name="tests.LoginTests" time="3.939" errors="0" timestamp="2022-05-23T00:01:36 IST" skipped="0">
  <testcase classname="tests.LoginTests" name="login" time="3.939"/>
  <system-out/>
</testsuite> <!-- tests.LoginTests -->
